G4BL_DIR=/home/incik/G4beamline-3.08
G4LEDATA=/home/incik/Geant4Data/G4EMLOW8.0
G4ENSDFSTATEDATA=/home/incik/Geant4Data/G4ENSDFSTATE2.3
G4PARTICLEXSDATA=/home/incik/Geant4Data/G4PARTICLEXS4.0
G4LEVELGAMMADATA=/home/incik/Geant4Data/PhotonEvaporation5.7
G4RADIOACTIVEDATA=/home/incik/Geant4Data/RadioactiveDecay5.6
G4beamline Process ID 7446

*************************************************************
 g4beamline version: 3.08                        (Aug 11 2022)
                      Copyright : Tom Roberts, Muons, Inc.
                        License : Gnu Public License
                            WWW : http://g4beamline.muonsinc.com

          ################################
          !!! G4Backtrace is activated !!!
          ################################


**************************************************************
 Geant4 version Name: geant4-11-00-patch-02 [MT]   (25-May-2022)
                       Copyright : Geant4 Collaboration
                      References : NIM A 506 (2003), 250-303
                                 : IEEE-TNS 53 (2006), 270-278
                                 : NIM A 835 (2016), 186-225
                             WWW : http://geant4.org/
**************************************************************

param        viewer        best,1
geometry                   nPoints=100 printGeometry=0 visual=0
                           tolerance=0.002
param        zbegin        0.0
start                      x=0 y=0 z=0 initialZ=0 rotation= radiusCut=300
                           ring=0
param        steppingFormat N,GLOBAL,CL,STEP,VOL,PROCESS,P,KE,POLAR,B
param        fieldVoxels   400,400,400
param        maxStep       0.5
G4PhysListFactory::GetReferencePhysList <QGSP_BERT>  EMoption= 0
<<< Geant4 Physics List simulation engine: QGSP_BERT


physics      QGSP_BERT     disable= inactivate= deactivate= doStochastics=1
                           fluct=1 minRangeCut=1 list=0 gammaToMuPair=0
                           spinTracking=1 synchrotronRadiation=1
                           synchrotronRadiationMuon=0 maxTime=1e+06
trackcuts                  kill= keep=mu-,mu+ killSecondaries=0
                           kineticEnergyCut=0 kineticEnergyMax=1.798e+308
                           maxTime=1e+06 keepPrimaries=0 steppingVerbose=0
particlecolor              proton=1,1,1
particlecolor              pi+=0,1,0
particlecolor              mu+=1,0.5,0
particlecolor              e+=1,0,0
particlecolor              gamma=0,0,1
particlecolor              e-=1,0.5,0
param        nparticles    12000
param        beamfile      drifted.txt
param        beamZ         0
beam    ASCII   nEvents=12000 firstEvent=-1 lastEvent=2147483647 beamZ=0.0 maxR=1000000.0 renumber=0 weight=1.000000 
		filename=drifted.txt format=BLTrackFile 
		
param        refMomentum   87
reference                  particle=mu+ beamX=0 beamY=0 beamZ=0 beamT=0
                           rotation= referenceMomentum=87 beamXp=0 beamYp=0
                           meanMomentum=87 meanXp=0 meanYp=0 tuneZ=-3.7e+21
                           tuneMomentum=-3.7e+21 tolerance=0.001 noEfield=0
                           noBfield=0 noEloss=0 P=87
param        apertr        300
param        Vrfcool       16
param        ficool        35
param        RF_length     2500.0
param        frfcool       0.20125
pillbox      cavity        maxGradient=16 color=1.0,0.0,0.0 frequency=0.2013
                           innerLength=2500 innerRadius=570.2 pipeThick=3
                           wallThick=5 irisRadius=300 collarRadialThick=5
                           collarThick=0 win1Thick=0 win1OuterRadius=50
                           win2Thick=0 winMat=Be phaseAcc=35 skinDepth=0.002
                           timingTolerance=0.001 maxStep=10
                           cavityMaterial=Vacuum timeOffset=-4.7e+21
                           timeIncrement=0 fieldMapFile= kill=1
virtualdetector VD         radius=300 innerRadius=0 height=600 width=600
                           length=0.2 maxStep=0.5 material= color=1,1,1
                           noSingles=0 format=asciiextended filename= file=
                           require= referenceParticle=0 coordinates=centerline
                           kill=0
param        outname       particles_after
place   cavity  copies=1 x=0.0 y=0.0 z=1256.0 
place   VD      copies=1 x=0.0 y=0.0 z=2550.1 rename='particles_after'

World size (before incrementing by 201.357 mm): 1146.4 H  1146.4 W  5100.4 L

PARAMETERS:
      RF_length=2500.0
        Vrfcool=16
            Zcl=2550.2
         apertr=300
          beamZ=0
       beamfile=drifted.txt
     deltaChord=3.0
deltaIntersection=0.1
   deltaOneStep=0.01
         epsMax=0.05
         epsMin=2.5e-7
 eventTimeLimit=30
         ficool=35
    fieldVoxels=400,400,400
        frfcool=0.20125
      histoFile=g4beamline
    histoUpdate=0
        maxStep=0.5
        minStep=0.01
     nparticles=12000
        outname=particles_after
    refMomentum=87
 steppingFormat=N,GLOBAL,CL,STEP,VOL,PROCESS,P,KE,POLAR,B
steppingVerbose=0
         viewer=best,1
 wallClockLimit=-1
  worldMaterial=Vacuum
     zTolerance=2.0
         zbegin=0.0
Checking overlaps for volume cavityPipe:0 (G4Tubs) ... OK! 
Checking overlaps for volume cavityUsWall:0 (G4Tubs) ... OK! 
Checking overlaps for volume cavityDsWall:0 (G4Tubs) ... OK! 
Checking overlaps for volume cavityDsHalf:0 (G4Tubs) ... OK! 
Checking overlaps for volume cavityTimingVol:0 (G4Tubs) ... OK! 
Checking overlaps for volume cavity:0 (G4Tubs) ... OK! 
BLCMDpillbox::construct cavity parent= relZ=1256.0 globZ=1256.0
	zmin=1.0 zmax=2511.0
Checking overlaps for volume particles_after:0 (G4Tubs) ... OK! 
BLCMDvirtualdetector::Construct particles_after parent= relZ=2550.1 globZ=2550.1
### Adding tracking cuts for neutron  TimeCut(ns)= 10000  KinEnergyCut(MeV)= 0

Geometry test nPoints=100 tolerance=0.002 mm:
Testing geometry for children of group 'World':
Total geometry errors = 0  0 seconds

================= Prepare Tune Particle(s) ===========
================= Begin Tune Particle(s) =============
pillbox cavity: Time OK  timeOffset=7.3564 ns, incremented to 7.3564 ns
Run complete  1 Events  0 seconds
================== Begin Reference Particle(s) ===============
Run complete  1 Events  0 seconds
================== Prepare Visualization ==================
Stochastic processes are enabled.
SynRad:  Incoherent Synchrotron Radiation
Good description for long magnets at all energies.
Available UI session types: [ Qt, tcsh, csh ]
QStandardPaths: wrong permissions on runtime directory /mnt/wslg/runtime-dir, 0777 instead of 0700
Visualization Manager instantiating with verbosity "warnings (3)"...
Visualization Manager initialising...
Registering graphics systems...

You have successfully registered the following graphics systems.
Registered graphics systems are:
  ASCIITree (ATree)
  DAWNFILE (DAWNFILE)
  G4HepRepFile (HepRepFile)
  RayTracer (RayTracer)
  VRML2FILE (VRML2FILE)
  gMocrenFile (gMocrenFile)
  OpenGLImmediateQt (OGLIQt, OGLI)
  OpenGLStoredQt (OGLSQt, OGL, OGLS)
  OpenGLImmediateX (OGLIX, OGLIQt_FALLBACK)
  OpenGLStoredX (OGLSX, OGLSQt_FALLBACK)
  RayTracerX (RayTracerX)

Registering model factories...

You have successfully registered the following model factories.
Registered model factories:
  generic
  drawByAttribute
  drawByCharge
  drawByOriginVolume
  drawByParticleID
  drawByEncounteredVolume

Registered models:
  None

Registered filter factories:
  attributeFilter
  chargeFilter
  originVolumeFilter
  particleFilter
  encounteredVolumeFilter

Registered filters:
  None

You have successfully registered the following user vis actions.
Run Duration User Vis Actions: none
End of Event User Vis Actions: none
End of Run User Vis Actions: none

Some /vis commands (optionally) take a string to specify colour.
"/vis/list" to see available colours.

Selected visualization viewer: Qt
BLVisManager init: /vis/open OGLSQt
BLVisManager init: /vis/viewer/set/auxiliaryEdge true
BLVisManager init: /vis/viewer/set/style surface
BLVisManager init: /vis/viewer/set/viewpointThetaPhi 0 0 deg
BLVisManager init: /vis/drawVolume
BLVisManager init: /tracking/storeTrajectory 1
BLVisManager init: /vis/scene/add/trajectories
/tracking/storeTrajectory 1
Attributes available for modeling and filtering with
  "/vis/modeling/trajectories/create/drawByAttribute" and
  "/vis/filtering/trajectories/create/attributeFilter" commands:
G4TrajectoriesModel:
  Event ID (EventID): G4int
  Run ID (RunID): G4int
G4Trajectory:
  Charge (Ch): unit: e+ (G4double)
  Track ID (ID): G4int
  Initial kinetic energy (IKE): G4BestUnit (G4double)
  Initial momentum magnitude (IMag): G4BestUnit (G4double)
  Initial momentum (IMom): G4BestUnit (G4ThreeVector)
  No. of points (NTP): G4int
  PDG Encoding (PDG): G4int
  Parent ID (PID): G4int
  Particle Name (PN): G4String
G4TrajectoryPoint:
  Position (Pos): G4BestUnit (G4ThreeVector)
WARNING: Trajectory storing has been requested.  This action may be
  reversed with "/tracking/storeTrajectory 0".
BLVisManager init: /vis/scene/endOfEventAction accumulate -1
WARNING: The vis manager will keep an unlimited number of events.
  This may use a lot of memory.
  It may be changed with, e.g., "/vis/scene/endOfEventAction accumulate 10".
BLVisManager init: /vis/viewer/set/hiddenMarker true

WARNING: No extent set for user vis action "DrawMarkers".
WARNING: User Vis Action "DrawMarkers" extent is null.
 Changing export format to "jpg"

Graphics systems deleted.
Visualization Manager deleting...

Exceptions: 0 Fatal, 0 Events Aborted, 0 Stuck Tracks (stopped), 0 Warnings
g4beamline: simulation complete
