G4BL_DIR=/home/incik/G4beamline-3.08
G4LEDATA=/home/incik/Geant4Data/G4EMLOW8.0
G4ENSDFSTATEDATA=/home/incik/Geant4Data/G4ENSDFSTATE2.3
G4PARTICLEXSDATA=/home/incik/Geant4Data/G4PARTICLEXS4.0
G4LEVELGAMMADATA=/home/incik/Geant4Data/PhotonEvaporation5.7
G4RADIOACTIVEDATA=/home/incik/Geant4Data/RadioactiveDecay5.6
G4beamline Process ID 14182

*************************************************************
 g4beamline version: 3.08                        (Aug 11 2022)
                      Copyright : Tom Roberts, Muons, Inc.
                        License : Gnu Public License
                            WWW : http://g4beamline.muonsinc.com

          ################################
          !!! G4Backtrace is activated !!!
          ################################


**************************************************************
 Geant4 version Name: geant4-11-00-patch-02 [MT]   (25-May-2022)
                       Copyright : Geant4 Collaboration
                      References : NIM A 506 (2003), 250-303
                                 : IEEE-TNS 53 (2006), 270-278
                                 : NIM A 835 (2016), 186-225
                             WWW : http://geant4.org/
**************************************************************

geometry                   nPoints=100 printGeometry=0 visual=0
                           tolerance=0.002
param        zbegin        0.0
start                      x=0 y=0 z=0 initialZ=0 rotation= radiusCut=300
                           ring=0
param        steppingFormat N,GLOBAL,CL,STEP,VOL,PROCESS,P,KE,POLAR,B
param        fieldVoxels   400,400,400
param        maxStep       0.5
G4PhysListFactory::GetReferencePhysList <QGSP_BERT>  EMoption= 0
<<< Geant4 Physics List simulation engine: QGSP_BERT


physics      QGSP_BERT     disable= inactivate= deactivate= doStochastics=1
                           fluct=1 minRangeCut=1 list=0 gammaToMuPair=0
                           spinTracking=1 synchrotronRadiation=1
                           synchrotronRadiationMuon=0 maxTime=1e+06
trackcuts                  kill= keep=mu-,mu+ killSecondaries=0
                           kineticEnergyCut=0 kineticEnergyMax=1.798e+308
                           maxTime=1e+06 keepPrimaries=0 steppingVerbose=0
particlecolor              proton=1,1,1
particlecolor              pi+=0,1,0
particlecolor              mu+=1,0.5,0
particlecolor              e+=1,0,0
particlecolor              gamma=0,0,1
particlecolor              e-=1,0.5,0
param        nparticles    5000
param        beamfile      particles_after.txt
param        beamZ         0
beam    ASCII   nEvents=5000 firstEvent=-1 lastEvent=2147483647 beamZ=0.0 maxR=1000000.0 renumber=0 weight=1.000000 
		filename=particles_after.txt format=BLTrackFile 
		
**************************************************************************
*** G4Exception: printError
***    severity: Warning
***   issued by: 
*** description: place: cannot find element 'Start'
**************************************************************************
genericbend  B1            fieldWidth=74.74 fieldHeight=61.92
                           fieldLength=267.7 ironWidth=84.74 ironHeight=71.92
                           ironLength=267.7 By=-0.133 maxStep=0.5
                           fieldMaterial=Vacuum fieldColor=0,0,1
                           ironMaterial=Fe ironColor=0.6,0.6,0.6 kill=0
                           fringe= fringeFactor=1 openAperture=0
place   B1      copies=1 x=0.0 y=0.0 z=177.8 
box          Drift1        height=80.11 width=120.1 length=463.8 maxStep=0.5
                           material=Vacuum color=0.6,0.6,0.6 kill=0
place   Drift1  copies=1 x=0.0 y=0.0 z=543.6 
genericquad  Q1            fieldLength=73.12 ironLength=73.12 ironRadius=30.44
                           apertureRadius=20.44 poleTipRadius=0 coilRadius=0
                           coilHalfwidth=0 coilHalfWidth=0 gradient=-43.45
                           maxStep=0.5 ironMaterial=Fe fieldMaterial=Vacuum
                           ironColor=0.4,0.8,0.4 kill=0 fringe= fringeFactor=1
                           openAperture=0
place   Q1      copies=1 x=0.0 y=0.0 z=812.2 
box          Drift2        height=129.1 width=102 length=316.7 maxStep=0.5
                           material=Vacuum color=0.6,0.6,0.6 kill=0
place   Drift2  copies=1 x=0.0 y=0.0 z=1007.2 
genericbend  B2            fieldWidth=167.6 fieldHeight=144.8
                           fieldLength=53.63 ironWidth=177.6 ironHeight=154.8
                           ironLength=53.63 By=-0.0126 maxStep=0.5
                           fieldMaterial=Vacuum fieldColor=0,0,1
                           ironMaterial=Fe ironColor=0.6,0.6,0.6 kill=0
                           fringe= fringeFactor=1 openAperture=0
place   B2      copies=1 x=0.0 y=0.0 z=1192.5 
zntuple                    z=1229.4234999999999 zloop= noSingles=0
                           format=ascii file=vd_achromat.txt
                           filename=vd_achromat.txt require=PDGid==-13
                           referenceParticle=0 coordinates=Centerline
**************************************************************************
*** G4Exception: Input Errors
***    severity: Fatal Exception
***   issued by: main
*** description: There were 1 errors in the input
**************************************************************************
g4beamline: attempting to close up after fatal G4Exception...

Exceptions: 1 Fatal, 0 Events Aborted, 0 Stuck Tracks (stopped), 1 Warnings
      1 times: Input Errors
      1 times: printError
g4beamline: simulation aborted
